2018-06-19 00:04:01,393  INFO  Application HomePage is running.
2018-06-19 00:04:07,953  INFO  RequestPage is running.
2018-06-19 00:20:57,010  INFO  Application HomePage is running.
2018-06-19 00:21:01,650  INFO  RequestPage is running.
2018-06-19 00:21:30,043  ERROR HTTP 500 error occurred
2018-06-19 00:22:09,531  ERROR HTTP 404 error occurred
2018-06-19 00:22:10,111  ERROR HTTP 404 error occurred
2018-06-19 00:22:11,212  INFO  RequestPage is running.
2018-06-19 00:26:46,661  INFO  Application HomePage is running.
2018-06-19 00:26:56,967  INFO  RequestPage is running.
2018-06-19 00:34:01,199  INFO  Application HomePage is running.
2018-06-19 00:34:51,466  INFO  RequestPage is running.
2018-06-19 00:41:52,170  INFO  Application HomePage is running.
2018-06-19 00:41:59,838  INFO  RequestPage is running.
2018-06-19 00:43:10,502  ERROR HTTP 500 error occurred
2018-06-19 00:46:18,088  INFO  Application HomePage is running.
2018-06-19 00:46:25,210  INFO  RequestPage is running.
2018-06-19 00:51:32,625  ERROR HTTP 500 error occurred
2018-06-19 00:51:40,592  ERROR HTTP 404 error occurred
2018-06-19 00:51:43,468  INFO  Application HomePage is running.
2018-06-19 00:51:47,446  INFO  RequestPage is running.
2018-06-19 00:55:48,078  INFO  Application HomePage is running.
2018-06-19 00:55:56,085  INFO  RequestPage is running.
2018-06-19 01:01:50,332  INFO  Application HomePage is running.
2018-06-19 01:02:04,008  INFO  RequestPage is running.
2018-06-19 01:02:44,832  ERROR HTTP 500 error occurred
2018-06-19 01:05:31,965  INFO  RequestPage is running.
2018-06-19 01:06:15,771  ERROR HTTP 500 error occurred
2018-06-19 01:18:00,082  ERROR HTTP 500 error occurred
2018-06-19 01:30:49,335  ERROR HTTP 500 error occurred
2018-06-19 01:30:54,269  INFO  Application HomePage is running.
2018-06-19 01:30:58,147  INFO  RequestPage is running.
2018-06-19 01:31:14,159  ERROR HTTP 500 error occurred
2018-06-19 01:32:50,282  ERROR HTTP 404 error occurred
2018-06-19 01:32:50,282  ERROR HTTP 404 error occurred
2018-06-19 01:32:50,353  ERROR HTTP 404 error occurred
2018-06-19 01:32:50,350  ERROR HTTP 404 error occurred
2018-06-19 01:32:50,352  ERROR HTTP 404 error occurred
2018-06-19 01:33:02,443  ERROR HTTP 500 error occurred
2018-06-19 01:34:03,996  INFO  Application HomePage is running.
2018-06-19 01:34:15,172  INFO  RequestPage is running.
2018-06-19 01:34:23,191  ERROR HTTP 404 error occurred
2018-06-19 01:34:23,191  ERROR HTTP 404 error occurred
2018-06-19 01:34:23,193  ERROR HTTP 404 error occurred
2018-06-19 01:34:23,193  ERROR HTTP 404 error occurred
2018-06-19 01:34:23,193  ERROR HTTP 404 error occurred
2018-06-19 01:40:05,834  INFO  Application HomePage is running.
2018-06-19 01:40:12,257  INFO  RequestPage is running.
2018-06-19 01:40:20,872  ERROR HTTP 404 error occurred
2018-06-19 01:40:20,872  ERROR HTTP 404 error occurred
2018-06-19 01:40:20,873  ERROR HTTP 404 error occurred
2018-06-19 01:40:20,872  ERROR HTTP 404 error occurred
2018-06-19 01:40:20,872  ERROR HTTP 404 error occurred
2018-06-19 01:48:35,116  ERROR HTTP 404 error occurred
2018-06-19 01:48:37,786  INFO  Application HomePage is running.
2018-06-19 01:48:46,384  INFO  Application HomePage is running.
2018-06-19 01:48:51,049  INFO  RequestPage is running.
2018-06-19 08:01:08,954  INFO  Application HomePage is running.
2018-06-19 08:01:15,172  ERROR HTTP 404 error occurred
2018-06-19 08:01:25,090  INFO  Application HomePage is running.
2018-06-19 08:01:29,002  INFO  RequestPage is running.
2018-06-19 08:02:27,250  ERROR HTTP 500 error occurred
2018-06-19 08:03:42,394  INFO  Application HomePage is running.
2018-06-19 08:03:57,429  INFO  RequestPage is running.
2018-06-19 08:10:01,960  INFO  Application HomePage is running.
2018-06-19 08:10:10,256  INFO  RequestPage is running.
2018-06-19 10:28:14,320  INFO  Application HomePage is running.
2018-06-19 10:28:42,019  INFO  RequestPage is running.
2018-06-19 10:29:03,464  ERROR HTTP 500 error occurred
2018-06-19 10:31:00,474  INFO  Application HomePage is running.
2018-06-19 10:31:05,908  INFO  RequestPage is running.
2018-06-19 10:34:29,597  INFO  Application HomePage is running.
2018-06-19 10:34:36,544  INFO  RequestPage is running.
2018-06-19 10:37:32,299  INFO  Application HomePage is running.
2018-06-19 10:38:20,048  INFO  Application HomePage is running.
2018-06-19 10:38:25,587  INFO  RequestPage is running.
2018-06-19 10:39:01,791  ERROR HTTP 500 error occurred
2018-06-19 10:48:12,139  ERROR HTTP 500 error occurred
2018-06-19 10:49:28,125  ERROR Процедура или функция "InsertRequestDetails" ожидает параметр "@IncidentInformation", который не был указан.
2018-06-19 10:49:28,206  INFO  RequestPage is running.
2018-06-19 10:52:00,291  ERROR HTTP 500 error occurred
2018-06-19 10:52:21,349  ERROR HTTP 500 error occurred
2018-06-19 11:08:00,402  INFO  Application HomePage is running.
2018-06-19 11:08:07,958  INFO  RequestPage is running.
2018-06-19 11:08:41,652  ERROR Процедура или функция "InsertRequestDetails" ожидает параметр "@IncidentInformation", который не был указан.
2018-06-19 11:08:41,695  INFO  RequestPage is running.
2018-06-19 11:09:25,856  ERROR Процедура или функция "InsertRequestDetails" ожидает параметр "@IncidentInformation", который не был указан.
2018-06-19 11:09:25,901  INFO  RequestPage is running.
2018-06-19 11:37:35,204  ERROR Процедура или функция "InsertRequestDetails" ожидает параметр "@IncidentInformation", который не был указан.
2018-06-19 12:19:48,784  INFO  Application HomePage is running.
2018-06-19 12:20:01,324  INFO  RequestPage is running.
2018-06-19 12:20:53,634  ERROR Процедура или функция "InsertRequestDetails" ожидает параметр "@BrigadeNumber", который не был указан.
2018-06-19 12:20:53,678  INFO  RequestPage is running.
2018-06-19 12:24:40,761  ERROR Процедура или функция "InsertRequestDetails" ожидает параметр "@BrigadeNumber", который не был указан.
2018-06-19 12:24:40,827  INFO  RequestPage is running.
2018-06-19 12:26:37,228  INFO  Application HomePage is running.
2018-06-19 12:27:07,516  INFO  RequestPage is running.
2018-06-19 12:28:11,118  ERROR HTTP 500 error occurred
2018-06-19 12:29:28,920  ERROR HTTP 500 error occurred
2018-06-19 12:30:07,477  INFO  Application HomePage is running.
2018-06-19 12:30:14,306  INFO  RequestPage is running.
2018-06-19 12:31:38,090  ERROR Процедура или функция "InsertRequestDetails" ожидает параметр "@BrigadeNumber", который не был указан.
2018-06-19 12:31:38,138  INFO  RequestPage is running.
2018-06-19 12:33:18,725  ERROR HTTP 500 error occurred
2018-06-19 12:33:39,545  INFO  RequestPage is running.
2018-06-19 12:33:45,281  ERROR HTTP 500 error occurred
2018-06-19 12:33:59,777  ERROR HTTP 500 error occurred
2018-06-19 12:35:13,671  INFO  Application HomePage is running.
2018-06-19 12:35:52,832  INFO  RequestPage is running.
2018-06-19 12:37:18,808  INFO  Application HomePage is running.
2018-06-19 12:43:47,878  INFO  RequestPage is running.
2018-06-19 12:45:46,415  ERROR Процедура или функция "InsertRequestDetails" ожидает параметр "@BrigadeNumber", который не был указан.
2018-06-19 12:45:46,477  INFO  RequestPage is running.
2018-06-19 12:47:39,193  INFO  Application HomePage is running.
2018-06-19 12:47:53,249  INFO  RequestPage is running.
2018-06-19 12:49:14,741  INFO  Application HomePage is running.
2018-06-19 12:49:25,479  INFO  RequestPage is running.
2018-06-19 12:49:56,247  INFO  RequestPage is running.
2018-06-19 13:13:22,657  INFO  Application HomePage is running.
2018-06-19 13:13:55,715  INFO  RequestPage is running.
2018-06-19 13:24:36,803  INFO  Application HomePage is running.
2018-06-19 13:24:47,912  INFO  RequestPage is running.
2018-06-19 13:31:53,366  INFO  Application HomePage is running.
2018-06-19 13:32:01,060  INFO  RequestPage is running.
2018-06-19 13:34:48,187  INFO  Application HomePage is running.
2018-06-19 13:34:53,056  INFO  RequestPage is running.
2018-06-19 13:36:28,691  INFO  Application HomePage is running.
2018-06-19 13:36:56,018  INFO  RequestPage is running.
2018-06-19 13:40:54,506  INFO  Application HomePage is running.
2018-06-19 13:40:59,810  INFO  RequestPage is running.
2018-06-19 13:49:05,159  ERROR HTTP 500 error occurred
2018-06-19 13:50:04,280  INFO  Application HomePage is running.
2018-06-19 13:50:10,611  INFO  RequestPage is running.
2018-06-19 14:46:41,219  INFO  Application HomePage is running.
2018-06-19 14:46:48,262  ERROR HTTP 404 error occurred
2018-06-19 14:47:36,574  INFO  Application HomePage is running.
2018-06-19 14:47:38,786  INFO  RequestPage is running.
2018-06-19 14:48:14,551  INFO  Application HomePage is running.
2018-06-19 14:48:24,513  INFO  RequestPage is running.
2018-06-19 14:49:12,958  INFO  Application HomePage is running.
2018-06-19 14:49:32,084  INFO  RequestPage is running.
2018-06-19 14:51:51,730  INFO  Application HomePage is running.
2018-06-19 14:51:57,377  INFO  RequestPage is running.
2018-06-19 14:59:57,557  ERROR HTTP 404 error occurred
2018-06-19 14:59:57,683  ERROR HTTP 404 error occurred
2018-06-19 14:59:58,111  ERROR HTTP 404 error occurred
2018-06-19 14:59:58,146  ERROR HTTP 404 error occurred
2018-06-19 14:59:59,244  INFO  RequestPage is running.
2018-06-19 15:01:23,349  INFO  Application HomePage is running.
2018-06-19 15:01:30,865  INFO  RequestPage is running.
2018-06-19 15:02:48,110  INFO  RequestPage is running.
2018-06-19 15:03:05,233  INFO  RequestPage is running.
2018-06-19 15:06:16,426  INFO  Application HomePage is running.
2018-06-19 15:11:39,813  INFO  RequestPage is running.
2018-06-19 15:13:37,791  INFO  Application HomePage is running.
2018-06-19 15:13:58,591  INFO  RequestPage is running.
2018-06-19 15:16:09,239  INFO  RequestPage is running.
2018-06-19 15:16:18,497  ERROR HTTP 404 error occurred
2018-06-19 15:16:18,498  ERROR HTTP 404 error occurred
2018-06-19 15:16:21,461  ERROR HTTP 404 error occurred
2018-06-19 15:16:21,461  ERROR HTTP 404 error occurred
2018-06-19 15:16:21,626  ERROR HTTP 404 error occurred
2018-06-19 15:16:21,655  ERROR HTTP 404 error occurred
2018-06-19 15:28:24,696  INFO  Application HomePage is running.
2018-06-19 15:28:34,897  INFO  RequestPage is running.
2018-06-19 15:28:44,181  ERROR HTTP 404 error occurred
2018-06-19 15:28:44,191  ERROR HTTP 404 error occurred
2018-06-19 15:28:44,736  ERROR HTTP 404 error occurred
2018-06-19 15:29:06,923  ERROR HTTP 404 error occurred
2018-06-19 15:29:06,923  ERROR HTTP 404 error occurred
2018-06-19 15:29:07,251  ERROR HTTP 404 error occurred
2018-06-19 15:29:07,280  ERROR HTTP 404 error occurred
2018-06-19 15:37:06,422  ERROR HTTP 404 error occurred
2018-06-19 15:37:06,645  ERROR HTTP 404 error occurred
2018-06-19 15:37:06,770  ERROR HTTP 404 error occurred
2018-06-19 15:37:06,812  ERROR HTTP 404 error occurred
2018-06-19 15:37:19,979  ERROR HTTP 404 error occurred
2018-06-19 15:37:19,987  ERROR HTTP 404 error occurred
2018-06-19 15:37:20,237  ERROR HTTP 404 error occurred
2018-06-19 15:37:20,264  ERROR HTTP 404 error occurred
2018-06-19 15:41:07,705  INFO  Application HomePage is running.
2018-06-19 15:41:07,973  ERROR HTTP 500 error occurred
2018-06-19 15:41:26,816  ERROR HTTP 404 error occurred
2018-06-19 15:41:26,825  ERROR HTTP 404 error occurred
2018-06-19 15:41:27,086  ERROR HTTP 404 error occurred
2018-06-19 15:41:27,116  ERROR HTTP 404 error occurred
2018-06-19 15:41:34,424  ERROR HTTP 404 error occurred
2018-06-19 15:41:34,429  ERROR HTTP 404 error occurred
2018-06-19 15:41:34,649  ERROR HTTP 404 error occurred
2018-06-19 15:41:34,681  ERROR HTTP 404 error occurred
2018-06-19 15:43:22,515  INFO  Application HomePage is running.
2018-06-19 15:43:26,680  ERROR HTTP 404 error occurred
2018-06-19 15:43:36,893  INFO  Application HomePage is running.
2018-06-19 15:43:38,847  ERROR HTTP 404 error occurred
2018-06-19 15:43:38,856  ERROR HTTP 404 error occurred
2018-06-19 15:43:39,095  ERROR HTTP 404 error occurred
2018-06-19 15:43:39,118  ERROR HTTP 404 error occurred
2018-06-19 15:43:40,819  ERROR HTTP 404 error occurred
2018-06-19 15:43:40,819  ERROR HTTP 404 error occurred
2018-06-19 15:43:41,056  ERROR HTTP 404 error occurred
2018-06-19 15:43:41,078  ERROR HTTP 404 error occurred
2018-06-19 15:46:11,249  ERROR HTTP 404 error occurred
2018-06-19 15:46:11,250  ERROR HTTP 404 error occurred
2018-06-19 15:46:11,613  ERROR HTTP 404 error occurred
2018-06-19 15:46:11,639  ERROR HTTP 404 error occurred
2018-06-19 15:48:42,840  INFO  Application HomePage is running.
2018-06-19 15:48:49,934  ERROR HTTP 404 error occurred
2018-06-19 15:48:49,942  ERROR HTTP 404 error occurred
2018-06-19 15:50:15,056  INFO  Application HomePage is running.
2018-06-19 15:50:20,048  ERROR HTTP 404 error occurred
2018-06-19 15:50:27,398  INFO  Application HomePage is running.
2018-06-19 15:50:29,765  ERROR HTTP 404 error occurred
2018-06-19 15:50:29,791  ERROR HTTP 404 error occurred
2018-06-19 15:50:30,017  ERROR HTTP 404 error occurred
2018-06-19 15:50:30,048  ERROR HTTP 404 error occurred
2018-06-19 15:53:08,854  INFO  Application HomePage is running.
2018-06-19 15:53:26,189  ERROR HTTP 404 error occurred
2018-06-19 15:53:26,189  ERROR HTTP 404 error occurred
2018-06-19 16:04:45,039  ERROR HTTP 404 error occurred
2018-06-19 16:04:45,039  ERROR HTTP 404 error occurred
2018-06-19 16:04:45,346  ERROR HTTP 404 error occurred
2018-06-19 16:04:45,377  ERROR HTTP 404 error occurred
2018-06-19 16:05:03,388  ERROR HTTP 404 error occurred
2018-06-19 16:05:03,389  ERROR HTTP 404 error occurred
2018-06-19 16:05:03,667  ERROR HTTP 404 error occurred
2018-06-19 16:05:03,695  ERROR HTTP 404 error occurred
2018-06-19 16:05:50,845  ERROR HTTP 404 error occurred
2018-06-19 16:05:50,846  ERROR HTTP 404 error occurred
2018-06-19 16:05:51,068  ERROR HTTP 404 error occurred
2018-06-19 16:05:51,094  ERROR HTTP 404 error occurred
2018-06-19 16:06:04,315  ERROR HTTP 404 error occurred
2018-06-19 16:06:04,315  ERROR HTTP 404 error occurred
2018-06-19 16:06:04,511  ERROR HTTP 404 error occurred
2018-06-19 16:06:04,540  ERROR HTTP 404 error occurred
2018-06-19 16:06:14,471  ERROR HTTP 404 error occurred
2018-06-19 16:06:14,472  ERROR HTTP 404 error occurred
2018-06-19 16:06:14,722  ERROR HTTP 404 error occurred
2018-06-19 16:06:14,754  ERROR HTTP 404 error occurred
2018-06-19 16:16:57,546  ERROR HTTP 404 error occurred
2018-06-19 16:16:57,621  ERROR HTTP 404 error occurred
2018-06-19 16:16:57,890  ERROR HTTP 404 error occurred
2018-06-19 16:16:57,916  ERROR HTTP 404 error occurred
2018-06-19 16:17:00,429  ERROR HTTP 500 error occurred
2018-06-19 16:17:44,721  ERROR HTTP 404 error occurred
2018-06-19 16:17:44,721  ERROR HTTP 404 error occurred
2018-06-19 16:17:45,167  ERROR HTTP 404 error occurred
2018-06-19 16:17:45,192  ERROR HTTP 404 error occurred
2018-06-19 16:21:43,823  ERROR HTTP 404 error occurred
2018-06-19 16:21:43,824  ERROR HTTP 404 error occurred
2018-06-19 16:21:44,158  ERROR HTTP 404 error occurred
2018-06-19 16:21:44,184  ERROR HTTP 404 error occurred
2018-06-19 16:35:20,931  INFO  Application HomePage is running.
2018-06-19 16:36:07,427  ERROR HTTP 404 error occurred
2018-06-19 16:36:07,428  ERROR HTTP 404 error occurred
2018-06-19 16:36:07,964  ERROR HTTP 404 error occurred
2018-06-19 16:36:17,993  ERROR HTTP 404 error occurred
2018-06-19 16:36:18,032  ERROR HTTP 404 error occurred
2018-06-19 16:36:18,265  ERROR HTTP 404 error occurred
2018-06-19 16:36:18,300  ERROR HTTP 404 error occurred
2018-06-19 16:37:07,375  INFO  Application HomePage is running.
2018-06-19 16:37:19,646  ERROR HTTP 404 error occurred
2018-06-19 16:37:19,655  ERROR HTTP 404 error occurred
2018-06-19 16:56:04,314  INFO  Application HomePage is running.
2018-06-19 16:56:12,664  ERROR HTTP 404 error occurred
2018-06-19 16:56:12,665  ERROR HTTP 404 error occurred
2018-06-19 16:56:26,819  ERROR HTTP 404 error occurred
2018-06-19 16:56:26,841  ERROR HTTP 404 error occurred
2018-06-19 16:56:27,109  ERROR HTTP 404 error occurred
2018-06-19 16:56:27,140  ERROR HTTP 404 error occurred
2018-06-19 16:57:03,317  INFO  Application HomePage is running.
2018-06-19 16:57:11,500  ERROR HTTP 404 error occurred
2018-06-19 16:57:11,505  ERROR HTTP 404 error occurred
2018-06-19 16:57:12,069  ERROR HTTP 404 error occurred
2018-06-19 17:46:08,546  ERROR HTTP 500 error occurred
2018-06-19 17:46:24,832  INFO  Application HomePage is running.
2018-06-19 17:46:28,841  INFO  Application HomePage is running.
2018-06-19 17:46:32,844  ERROR HTTP 404 error occurred
2018-06-19 17:46:32,893  ERROR HTTP 404 error occurred
2018-06-19 17:46:33,192  ERROR HTTP 404 error occurred
2018-06-19 17:46:33,222  ERROR HTTP 404 error occurred
2018-06-19 17:53:50,583  ERROR HTTP 500 error occurred
2018-06-19 18:47:24,130  ERROR HTTP 500 error occurred
2018-06-19 18:47:32,469  ERROR HTTP 404 error occurred
2018-06-19 18:47:32,634  ERROR HTTP 404 error occurred
2018-06-19 18:47:33,091  ERROR HTTP 404 error occurred
2018-06-19 18:47:33,144  ERROR HTTP 404 error occurred
2018-06-19 19:02:59,562  INFO  Application HomePage is running.
2018-06-19 19:03:47,183  ERROR HTTP 404 error occurred
2018-06-19 19:03:47,183  ERROR HTTP 404 error occurred
2018-06-19 19:03:47,467  ERROR HTTP 404 error occurred
2018-06-19 19:03:47,499  ERROR HTTP 404 error occurred
2018-06-19 19:04:15,128  ERROR HTTP 404 error occurred
2018-06-19 19:04:24,727  INFO  Application HomePage is running.
2018-06-19 19:04:26,558  ERROR HTTP 404 error occurred
2018-06-19 19:04:38,624  INFO  Application HomePage is running.
2018-06-19 19:04:46,892  ERROR HTTP 404 error occurred
2018-06-19 19:04:46,894  ERROR HTTP 404 error occurred
2018-06-19 19:06:15,721  INFO  Application HomePage is running.
2018-06-19 19:06:26,261  ERROR HTTP 404 error occurred
2018-06-19 19:06:26,261  ERROR HTTP 404 error occurred
2018-06-19 19:06:26,812  ERROR HTTP 404 error occurred
2018-06-19 19:09:28,019  ERROR HTTP 404 error occurred
2018-06-19 19:09:28,019  ERROR HTTP 404 error occurred
2018-06-19 19:09:28,315  ERROR HTTP 404 error occurred
2018-06-19 19:09:28,347  ERROR HTTP 404 error occurred
2018-06-19 19:09:38,688  INFO  RequestPage is running.
2018-06-19 19:39:59,212  ERROR HTTP 500 error occurred
2018-06-19 19:40:08,691  INFO  Application HomePage is running.
2018-06-19 19:40:11,277  INFO  RequestPage is running.
2018-06-19 19:40:35,711  ERROR HTTP 404 error occurred
2018-06-19 19:40:35,999  ERROR HTTP 404 error occurred
2018-06-19 19:40:46,638  ERROR HTTP 404 error occurred
2018-06-19 19:40:46,639  ERROR HTTP 404 error occurred
2018-06-19 19:40:46,939  ERROR HTTP 404 error occurred
2018-06-19 19:40:46,968  ERROR HTTP 404 error occurred
2018-06-19 19:41:57,421  ERROR HTTP 404 error occurred
2018-06-19 19:41:59,688  INFO  Application HomePage is running.
2018-06-19 19:42:09,631  INFO  Application HomePage is running.
2018-06-19 19:42:16,657  INFO  RequestPage is running.
2018-06-19 19:42:18,441  ERROR HTTP 404 error occurred
2018-06-19 19:42:18,709  ERROR HTTP 404 error occurred
2018-06-19 19:42:32,146  ERROR HTTP 404 error occurred
2018-06-19 19:42:32,430  ERROR HTTP 404 error occurred
2018-06-19 20:19:47,086  ERROR HTTP 404 error occurred
2018-06-19 20:19:47,089  ERROR HTTP 404 error occurred
2018-06-19 20:19:47,330  ERROR HTTP 404 error occurred
2018-06-19 20:19:47,356  ERROR HTTP 404 error occurred
2018-06-19 20:22:27,245  ERROR HTTP 404 error occurred
2018-06-19 20:22:29,972  INFO  Application HomePage is running.
2018-06-19 20:22:37,309  INFO  Application HomePage is running.
2018-06-19 20:22:41,010  ERROR HTTP 404 error occurred
2018-06-19 20:22:41,037  ERROR HTTP 404 error occurred
2018-06-19 20:22:41,307  ERROR HTTP 404 error occurred
2018-06-19 20:22:41,345  ERROR HTTP 404 error occurred
2018-06-19 20:22:47,630  ERROR HTTP 404 error occurred
2018-06-19 20:22:47,630  ERROR HTTP 404 error occurred
2018-06-19 20:22:47,845  ERROR HTTP 404 error occurred
2018-06-19 20:22:47,876  ERROR HTTP 404 error occurred
2018-06-19 20:23:05,339  ERROR HTTP 404 error occurred
2018-06-19 20:23:05,339  ERROR HTTP 404 error occurred
2018-06-19 20:23:05,657  ERROR HTTP 404 error occurred
2018-06-19 20:23:05,708  ERROR HTTP 404 error occurred
2018-06-19 20:23:16,423  ERROR HTTP 404 error occurred
2018-06-19 20:23:16,423  ERROR HTTP 404 error occurred
2018-06-19 20:23:16,721  ERROR HTTP 404 error occurred
2018-06-19 20:23:16,750  ERROR HTTP 404 error occurred
2018-06-19 20:26:03,051  INFO  Application HomePage is running.
2018-06-19 20:26:20,978  ERROR HTTP 404 error occurred
2018-06-19 20:26:20,978  ERROR HTTP 404 error occurred
2018-06-19 20:26:48,877  ERROR HTTP 404 error occurred
2018-06-19 20:26:48,878  ERROR HTTP 404 error occurred
2018-06-19 20:26:49,090  ERROR HTTP 404 error occurred
2018-06-19 20:26:49,110  ERROR HTTP 404 error occurred
2018-06-19 20:26:57,750  INFO  RequestPage is running.
2018-06-19 20:27:08,846  INFO  RequestPage is running.
2018-06-19 20:27:13,599  ERROR HTTP 404 error occurred
2018-06-19 20:27:13,820  ERROR HTTP 404 error occurred
2018-06-19 21:30:32,697  INFO  Application HomePage is running.
2018-06-19 21:30:39,498  ERROR HTTP 404 error occurred
2018-06-19 21:36:12,390  INFO  Application HomePage is running.
2018-06-19 21:36:30,389  ERROR Конфликт инструкции UPDATE с ограничением FOREIGN KEY "FK_Requests_Category". Конфликт произошел в базе данных "AM.EmergencyService.DB", таблица "dbo.Category", column 'Id'.
Выполнение данной инструкции было прервано.
2018-06-19 21:37:02,189  INFO  Application HomePage is running.
